[28-06-2022 16:55:16]: PlayasEmre hat PlayasEmre zum Polizeichief ernannt!
[28-06-2022 17:02:23]: PlayasEmre hat PlayasEmre zum Polizeichief ernannt!
[01-07-2022 17:10:25]: Die Happy-Hour hat sich gestartet
[01-07-2022 17:13:21]: Die Happy-Hour hat sich gestartet
[01-07-2022 17:14:13]: Die Happy-Hour hat sich gestartet
[01-07-2022 17:15:08]: Die Happy-Hour hat sich gestartet
[01-07-2022 17:15:42]: Die Happy-Hour hat sich gestartet
[01-07-2022 17:17:15]: Die Happy-Hour hat sich gestartet
[01-07-2022 17:17:55]: Die Happy-Hour hat sich gestartet
[01-07-2022 17:18:16]: Die Happy-Hour hat sich gestartet
[01-07-2022 17:24:46]: testo
[01-07-2022 17:25:27]: testo
[01-07-2022 17:25:39]: testo
[01-07-2022 17:25:39]: testo
[01-07-2022 17:25:40]: testo
[01-07-2022 17:25:40]: testo
[01-07-2022 17:26:04]: testoo
[01-07-2022 17:26:33]: testo
[01-07-2022 17:29:30]: Die Happy-Hour hat sich gestartet
[04-07-2022 03:47:11]: Die Happy-Hour hat sich gestartet
[04-07-2022 03:50:11]: Die Happy-Hour hat sich gestartet
[04-07-2022 03:50:21]: Die Happy-Hour hat sich gestoppt
[04-07-2022 03:51:11]: Die Happy-Hour hat sich gestartet
[04-07-2022 03:51:21]: Die Happy-Hour hat sich gestoppt
[04-07-2022 03:52:11]: Die Happy-Hour hat sich gestartet
[04-07-2022 03:52:21]: Die Happy-Hour hat sich gestoppt
[15-07-2022 19:31:44]: PlayasEmre hat PlayasEmre zum Polizeichief ernannt!
[15-07-2022 19:31:49]: PlayasEmre hat PlayasEmre zum Triadenboss ernannt!
[15-07-2022 19:32:17]: PlayasEmre hat PlayasEmre zum Polizeichief ernannt!
[17-07-2022 15:44:17]: PlayasEmre hat PlayasEmre zum Polizeichief ernannt!
[02-08-2022 17:50:27]: PlayasEmre hat sich zum Slot 1 von PlayasEmre geportet.
[02-08-2022 17:50:30]: PlayasEmre hat sich zum Slot 1 von PlayasEmre geportet.
[02-08-2022 18:02:30]: PlayasEmre hat den Slot 1 von PlayasEmre zu sich geportet.
[02-08-2022 18:03:06]: PlayasEmre hat den Slot 1 von PlayasEmre zu sich geportet.
[04-08-2022 13:18:17]: PlayasEmre hat PlayasEmre zum Polizeichief ernannt!
[05-08-2022 21:49:25]: PlayasEmre hat PlayasEmre zum Zivilisten gemacht.
[05-08-2022 23:49:53]: PlayasEmre hat PlayasEmre zum Zivilisten gemacht.
[05-08-2022 23:51:12]: PlayasEmre hat PlayasEmre zum Zivilisten gemacht.
[05-08-2022 23:53:05]: PlayasEmre hat PlayasEmre zum Zivilisten gemacht.
[06-08-2022 00:10:14]: PlayasEmre hat PlayasEmre zum Zivilisten gemacht.
[16-08-2022 20:11:08]: PlayasEmre hat PlayasEmre in Emre umbenannt.
[16-08-2022 20:12:10]: PlayasEmre hat den Slot 1 von PlayasEmre zu sich geportet.
[16-08-2022 20:13:52]: Emre hat Emre in PlayasEmre umbenannt.
[16-08-2022 20:13:60]: Emre hat den Slot 1 von Emre zu sich geportet.
[16-08-2022 20:16:14]: PlayasEmre hat den Slot 1 von PlayasEmre zu sich geportet.
[16-08-2022 20:19:17]: PlayasEmre hat PlayasEmre in Emre umbenannt.
[16-08-2022 20:20:19]: Emre hat den Slot 1 von Emre zu sich geportet.
[16-08-2022 20:22:05]: Emre hat Emre in PlayasEmre umbenannt.
[16-08-2022 20:23:03]: PlayasEmre hat den Slot 1 von PlayasEmre zu sich geportet.
[16-08-2022 20:30:44]: PlayasEmre hat den Server neu gestartet.
[07-09-2022 14:34:57]: PlayasEmre hat PlayasEmre zum Polizeichief ernannt!
[07-09-2022 14:36:41]: PlayasEmre hat PlayasEmre zum Polizeichief ernannt!
[07-09-2022 14:42:56]: PlayasEmre hat PlayasEmre zum FBI-Direktor ernannt!
[07-09-2022 14:47:01]: PlayasEmre hat PlayasEmre zum FBI-Direktor ernannt!
[07-09-2022 14:47:08]: PlayasEmre hat PlayasEmre zum Commander ernannt!
[07-09-2022 14:47:14]: PlayasEmre hat PlayasEmre zum Chefarzt der Sanitäter ernannt!
[07-09-2022 14:47:21]: PlayasEmre hat PlayasEmre zum Zivilisten gemacht.
[07-09-2022 21:27:29]: PlayasEmre hat PlayasEmre zum Zivilisten gemacht.
[16-12-2022 19:52:51]: PlayasEmre hat PlayasEmre zum Zivilisten gemacht.
[16-12-2022 20:08:17]: PlayasEmre hat PlayasEmre zum Chef der Mechaniker ernannt!
[16-12-2022 20:09:49]: PlayasEmre hat PlayasEmre zum Chef der Mechaniker ernannt!
[16-12-2022 20:10:21]: PlayasEmre hat den Slot 1 von PlayasEmre zu sich geportet.
[16-12-2022 20:12:54]: PlayasEmre hat PlayasEmre zum Chef der Mechaniker ernannt!
[16-12-2022 20:14:28]: PlayasEmre hat den Slot 1 von PlayasEmre zu sich geportet.
[16-12-2022 20:16:29]: PlayasEmre hat PlayasEmre zum Chef der Mechaniker ernannt!
[16-12-2022 20:16:40]: PlayasEmre hat den Slot 1 von PlayasEmre zu sich geportet.
[16-12-2022 20:30:40]: PlayasEmre hat PlayasEmre zum Chef der Mechaniker ernannt!
[16-12-2022 20:31:01]: PlayasEmre hat den Slot 1 von PlayasEmre zu sich geportet.
[16-12-2022 20:32:13]: PlayasEmre hat PlayasEmre zum Chef der Mechaniker ernannt!
[16-12-2022 20:32:37]: PlayasEmre hat den Slot 1 von PlayasEmre zu sich geportet.
[16-12-2022 20:35:14]: PlayasEmre hat PlayasEmre zum Chef der Mechaniker ernannt!
[16-12-2022 20:38:27]: PlayasEmre hat den Slot 1 von PlayasEmre zu sich geportet.
[16-12-2022 20:38:54]: PlayasEmre hat den Slot 1 von PlayasEmre zu sich geportet.
[16-12-2022 20:42:08]: PlayasEmre hat den Slot 1 von PlayasEmre zu sich geportet.
[16-12-2022 20:43:42]: PlayasEmre hat den Slot 1 von PlayasEmre zu sich geportet.
[16-12-2022 20:48:11]: PlayasEmre hat den Slot 1 von PlayasEmre zu sich geportet.
[16-12-2022 20:51:07]: PlayasEmre hat den Slot 1 von PlayasEmre zu sich geportet.
[16-12-2022 20:54:08]: PlayasEmre hat den Slot 1 von PlayasEmre zu sich geportet.
[16-12-2022 20:56:41]: PlayasEmre hat den Slot 1 von PlayasEmre zu sich geportet.
[16-12-2022 20:58:42]: PlayasEmre hat den Slot 1 von PlayasEmre zu sich geportet.
[17-12-2022 17:20:22]: PlayasEmre hat PlayasEmre zum Zivilisten gemacht.
[18-12-2022 20:06:59]: PlayasEmre hat PlayasEmre zum Zivilisten gemacht.
[21-12-2022 19:32:57]: PlayasEmre hat den Slot 2 von PlayasEmre zu sich geportet.
[21-12-2022 19:34:56]: PlayasEmre hat den Slot 2 von PlayasEmre zu sich geportet.
[21-12-2022 19:36:18]: PlayasEmre hat den Slot 2 von PlayasEmre zu sich geportet.
[22-12-2022 21:18:10]: PlayasEmre hat PlayasEmre zum Polizeichief ernannt!
[19-02-2023 23:19:52]: PlayasEmre hat PlayasEmre zum Triadenboss ernannt!
[01-03-2023 14:47:07]: PlayasEmre hat PlayasEmre zum Leader der Fahrschule ernannt!
[01-03-2023 14:47:46]: PlayasEmre hat PlayasEmre zum Leader der Fahrschule ernannt!
[01-03-2023 18:10:42]: PlayasEmre hat PlayasEmre zum Zivilisten gemacht.
[01-03-2023 18:12:06]: PlayasEmre hat PlayasEmre zum Zivilisten gemacht.
[01-03-2023 18:13:14]: PlayasEmre hat PlayasEmre zum Zivilisten gemacht.
[01-03-2023 18:26:56]: PlayasEmre hat PlayasEmre zum Zivilisten gemacht.
[01-03-2023 19:52:34]: PlayasEmre hat PlayasEmre zum Zivilisten gemacht.
[01-03-2023 19:53:11]: PlayasEmre hat PlayasEmre zum Leader der Fahrschule ernannt!
[01-03-2023 19:53:17]: PlayasEmre hat PlayasEmre zum Zivilisten gemacht.
[01-03-2023 21:16:25]: PlayasEmre hat PlayasEmre zum Zivilisten gemacht.
[01-03-2023 21:21:27]: PlayasEmre hat PlayasEmre zum Zivilisten gemacht.
[01-03-2023 21:28:38]: PlayasEmre hat PlayasEmre zum Zivilisten gemacht.
[01-03-2023 21:31:11]: PlayasEmre hat PlayasEmre zum Zivilisten gemacht.
[01-03-2023 21:35:43]: PlayasEmre hat PlayasEmre zum Leader der Fahrschule ernannt!
[01-03-2023 21:38:22]: PlayasEmre hat PlayasEmre zum Polizeichief ernannt!
[01-03-2023 21:38:29]: PlayasEmre hat PlayasEmre zum Zivilisten gemacht.
[01-03-2023 22:42:49]: PlayasEmre hat PlayasEmre zum Zivilisten gemacht.
[01-03-2023 22:53:58]: PlayasEmre hat PlayasEmre zum Zivilisten gemacht.
[01-03-2023 22:54:12]: PlayasEmre hat PlayasEmre zum Leader der Fahrschule ernannt!
[01-03-2023 22:54:24]: PlayasEmre hat PlayasEmre zum Zivilisten gemacht.
[01-03-2023 22:55:04]: PlayasEmre hat PlayasEmre zum Zivilisten gemacht.
[01-03-2023 23:10:07]: PlayasEmre hat PlayasEmre zum Zivilisten gemacht.
[01-03-2023 23:10:12]: PlayasEmre hat PlayasEmre zum Leader der Fahrschule ernannt!
[10-03-2023 00:05:27]: PlayasEmre hat PlayasEmre zum Zivilisten gemacht.
[21-03-2023 02:23:15]: PlayasEmre hat PlayasEmre zum Leader der Fahrschule ernannt!
[21-03-2023 02:26:27]: PlayasEmre hat PlayasEmre zum Leader der Fahrschule ernannt!
[21-03-2023 02:28:60]: PlayasEmre hat PlayasEmre zum Leader der Fahrschule ernannt!
[21-03-2023 02:35:51]: PlayasEmre hat PlayasEmre zum Zivilisten gemacht.
[21-03-2023 14:46:07]: PlayasEmre hat PlayasEmre zum Zivilisten gemacht.
[21-03-2023 15:31:45]: PlayasEmre hat PlayasEmre zum Zivilisten gemacht.
[12-04-2023 22:11:53]: PlayasEmre hat PlayasEmre zum Revolutionsführer ernannt!
[15-04-2023 00:27:31]: PlayasEmre hat PlayasEmre zum Zivilisten gemacht.
[15-04-2023 00:28:04]: PlayasEmre hat PlayasEmre zum Zivilisten gemacht.
[15-04-2023 00:31:12]: PlayasEmre hat PlayasEmre zum Zivilisten gemacht.
[15-04-2023 00:32:50]: PlayasEmre hat PlayasEmre zum Zivilisten gemacht.
[15-04-2023 00:34:57]: PlayasEmre hat PlayasEmre zum Zivilisten gemacht.
[15-04-2023 03:17:14]: PlayasEmre hat PlayasEmre zum Zivilisten gemacht.
[15-04-2023 03:17:34]: PlayasEmre hat PlayasEmre zum Chef der Mechaniker ernannt!
[15-04-2023 03:17:54]: PlayasEmre hat PlayasEmre zum Zivilisten gemacht.
[15-04-2023 03:18:02]: PlayasEmre hat PlayasEmre zum Revolutionsführer ernannt!
[21-04-2023 17:59:01]: PlayasEmre hat PlayasEmre zum Leader der Fahrschule ernannt!
[23-04-2023 00:42:15]: PlayasEmre hat PlayasEmre zum Chef der Mechaniker ernannt!
[23-04-2023 00:44:29]: PlayasEmre hat PlayasEmre zum Chef der Mechaniker ernannt!
[23-04-2023 00:47:57]: PlayasEmre hat PlayasEmre zum Chef der Mechaniker ernannt!
[23-04-2023 01:03:05]: PlayasEmre hat PlayasEmre zum Zivilisten gemacht.
[23-04-2023 14:51:45]: PlayasEmre hat PlayasEmre zum Leader der Fahrschule ernannt!
[23-04-2023 14:59:35]: PlayasEmre hat PlayasEmre zum Leader der Fahrschule ernannt!
[24-04-2023 13:12:11]: PlayasEmre hat PlayasEmre zum Polizeichief ernannt!
[24-04-2023 13:16:01]: PlayasEmre hat PlayasEmre zum Polizeichief ernannt!
[24-04-2023 13:19:49]: PlayasEmre hat PlayasEmre zum Polizeichief ernannt!
[24-04-2023 13:20:29]: PlayasEmre hat PlayasEmre zum Polizeichief ernannt!
[24-04-2023 13:21:17]: PlayasEmre hat PlayasEmre zum Polizeichief ernannt!
[24-04-2023 13:21:39]: PlayasEmre hat PlayasEmre zum FBI-Direktor ernannt!
[24-04-2023 13:29:02]: PlayasEmre hat PlayasEmre zum Polizeichief ernannt!
[24-04-2023 13:29:40]: PlayasEmre hat PlayasEmre zum Polizeichief ernannt!
[24-04-2023 13:31:20]: PlayasEmre hat PlayasEmre zum Polizeichief ernannt!
[24-04-2023 13:36:19]: PlayasEmre hat PlayasEmre zum Polizeichief ernannt!
[24-04-2023 13:36:58]: PlayasEmre hat PlayasEmre zum Polizeichief ernannt!
[24-04-2023 13:38:02]: PlayasEmre hat PlayasEmre zum Polizeichief ernannt!
[24-04-2023 13:41:45]: PlayasEmre hat PlayasEmre zum Polizeichief ernannt!
[24-04-2023 13:42:18]: PlayasEmre hat PlayasEmre zum Polizeichief ernannt!
[24-04-2023 13:42:43]: PlayasEmre hat PlayasEmre zum Polizeichief ernannt!
[24-04-2023 13:48:21]: PlayasEmre hat PlayasEmre zum Polizeichief ernannt!
[24-04-2023 13:49:02]: PlayasEmre hat PlayasEmre zum Polizeichief ernannt!
[24-04-2023 13:49:06]: PlayasEmre hat PlayasEmre zum Polizeichief ernannt!
[24-04-2023 13:51:37]: PlayasEmre hat PlayasEmre zum Polizeichief ernannt!
[24-04-2023 13:56:32]: PlayasEmre hat PlayasEmre zum Polizeichief ernannt!
[24-04-2023 13:57:22]: PlayasEmre hat PlayasEmre zum Zivilisten gemacht.
[24-04-2023 13:57:55]: PlayasEmre hat PlayasEmre zum Polizeichief ernannt!
[24-04-2023 14:08:19]: PlayasEmre hat PlayasEmre zum Polizeichief ernannt!
[24-04-2023 14:08:50]: PlayasEmre hat PlayasEmre zum Polizeichief ernannt!
[24-04-2023 14:09:38]: PlayasEmre hat PlayasEmre zum Zivilisten gemacht.
[24-04-2023 14:09:43]: PlayasEmre hat PlayasEmre zum Don ernannt!
[24-04-2023 14:09:56]: PlayasEmre hat PlayasEmre zum Zivilisten gemacht.
[24-04-2023 14:11:58]: PlayasEmre hat PlayasEmre zum Don ernannt!
[24-04-2023 14:12:04]: PlayasEmre hat PlayasEmre zum FBI-Direktor ernannt!
[24-04-2023 14:12:10]: PlayasEmre hat PlayasEmre zum Polizeichief ernannt!
[24-04-2023 14:12:26]: PlayasEmre hat PlayasEmre zum FBI-Direktor ernannt!
[24-04-2023 14:12:29]: PlayasEmre hat PlayasEmre zum Commander ernannt!
[24-04-2023 14:12:35]: PlayasEmre hat PlayasEmre zum Zivilisten gemacht.
[24-04-2023 14:12:39]: PlayasEmre hat PlayasEmre zum Polizeichief ernannt!
[24-04-2023 14:15:21]: PlayasEmre hat PlayasEmre zum Polizeichief ernannt!
[24-04-2023 14:30:43]: PlayasEmre hat PlayasEmre zum Polizeichief ernannt!
[24-04-2023 14:33:02]: PlayasEmre hat PlayasEmre zum Zivilisten gemacht.
[24-04-2023 14:33:48]: PlayasEmre hat PlayasEmre zum Polizeichief ernannt!
[25-04-2023 16:58:51]: PlayasEmre hat PlayasEmre zum Polizeichief ernannt!
[25-04-2023 21:11:48]: PlayasEmre hat PlayasEmre zum Revolutionsführer ernannt!
[27-04-2023 17:34:03]: PlayasEmre hat sich zu PlayasEmre teleportiert!
[27-04-2023 17:34:03]: PlayasEmre hat PlayasEmre zu sich teleportiert.
[27-04-2023 17:34:22]: PlayasEmre hat PlayasEmre gespectet!
[27-04-2023 17:34:27]: PlayasEmre hat PlayasEmre gespectet!
[27-04-2023 17:34:45]: PlayasEmre hat PlayasEmre geskydived!
[27-04-2023 17:34:60]: PlayasEmre hat das Passwort von PlayasEmre geändert!
[27-04-2023 17:35:21]: PlayasEmre hat das Passwort von PlayasEmre geändert!
[27-04-2023 17:37:29]: PlayasEmre hat PlayasEmre geskydived!
[27-04-2023 17:37:59]: PlayasEmre hat PlayasEmre geskydived!
[27-04-2023 21:11:55]: PlayasEmre hat PlayasEmre zum Zivilisten gemacht.
[29-04-2023 23:03:25]: PlayasEmre hat den Adminrang von Stoned auf 10 gesetzt.
[30-04-2023 00:32:47]: PlayasEmre hat den Slot 1 von PlayasEmre zu sich geportet.
[30-04-2023 12:39:38]: Stoned hat Stoned zum Polizeichief ernannt!
[30-04-2023 12:39:58]: Stoned hat Stoned zum Banger der Ballas ernannt!
[30-04-2023 12:41:18]: Stoned hat Stoned zum Leader der Fahrschule ernannt!
[30-04-2023 12:47:40]: Stoned hat das Auto von Stoned FFT gemacht!
[30-04-2023 15:32:44]: PlayasEmre hat den Slot 1 von PlayasEmre zu sich geportet.
[30-04-2023 17:11:11]: PlayasEmre hat sich zum Slot 1 von PlayasEmre geportet.
[30-04-2023 17:11:14]: PlayasEmre hat sich zum Slot 1 von PlayasEmre geportet.
[30-04-2023 17:14:58]: PlayasEmre hat sich zum Slot 1 von PlayasEmre geportet.
[30-04-2023 17:23:56]: PlayasEmre hat sich zum Slot 1 von PlayasEmre geportet.
[30-04-2023 17:26:39]: PlayasEmre hat sich zum Slot 1 von PlayasEmre geportet.
[30-04-2023 17:29:22]: PlayasEmre hat sich zum Slot 1 von PlayasEmre geportet.
[30-04-2023 17:30:51]: PlayasEmre hat sich zum Slot 1 von PlayasEmre geportet.
[30-04-2023 17:32:25]: PlayasEmre hat sich zum Slot 1 von PlayasEmre geportet.
[30-04-2023 17:33:40]: PlayasEmre hat sich zum Slot 1 von PlayasEmre geportet.
[30-04-2023 17:51:41]: PlayasEmre hat sich zum Slot 1 von PlayasEmre geportet.
[30-04-2023 21:42:40]: Stoned hat sich zu Abdul.hahki teleportiert!
[30-04-2023 21:46:46]: Abdul.hahki hat den Adminrang von Stoned auf 0 gesetzt.
[30-04-2023 21:54:32]: Abdul.hahki hat sich zu Stoned teleportiert!
[30-04-2023 21:56:38]: Stoned hat Abdul.hahki gebannt! (Grund: )
[30-04-2023 21:56:54]: Stoned hat Abdul.hahki entbannt.
[30-04-2023 21:57:54]: Stoned hat Abdul.hahki zum President der AoD ernannt!
[30-04-2023 21:57:56]: Stoned hat Abdul.hahki zum FBI-Direktor ernannt!
[30-04-2023 21:57:58]: Stoned hat Abdul.hahki zum Chefredakteur ernannt!
[30-04-2023 21:57:58]: Stoned hat Abdul.hahki zum Revolutionsführer ernannt!
[30-04-2023 21:58:01]: Stoned hat Abdul.hahki zum Triadenboss ernannt!
[30-04-2023 21:58:02]: Stoned hat Abdul.hahki zum Don ernannt!
[30-04-2023 21:58:05]: Stoned hat Abdul.hahki zum Polizeichief ernannt!
[30-04-2023 21:58:06]: Stoned hat Abdul.hahki zum Chef der Mechaniker ernannt!
[30-04-2023 21:58:44]: Stoned hat sich zu Abdul.hahki teleportiert!
[30-04-2023 21:59:41]: Stoned hat sich zu Abdul.hahki teleportiert!
[30-04-2023 22:00:16]: Stoned hat Stoned zum Chef der Mechaniker ernannt!
[30-04-2023 22:03:17]: Abdul.hahki hat sich zu Stoned teleportiert!
[30-04-2023 22:04:58]: Abdul.hahki hat Stoned zu sich teleportiert.
[30-04-2023 22:05:04]: Abdul.hahki hat Stoned zu sich teleportiert.
[30-04-2023 22:05:08]: Abdul.hahki hat Stoned zu sich teleportiert.
[30-04-2023 22:11:26]: Stoned hat sich zu PlayasEmre teleportiert!
[30-04-2023 22:13:40]: PlayasEmre hat sich zum Slot 1 von PlayasEmre geportet.
[30-04-2023 22:14:37]: PlayasEmre hat sich zum Slot 1 von PlayasEmre geportet.
[01-05-2023 20:25:60]: PlayasEmre hat sich zum Slot 1 von PlayasEmre geportet.
[01-05-2023 20:29:06]: Stoned hat sich zu PlayasEmre teleportiert!
[01-05-2023 20:29:38]: Stoned hat sich zu PlayasEmre teleportiert!
[01-05-2023 20:29:42]: PlayasEmre hat sich zum Slot 1 von PlayasEmre geportet.
[01-05-2023 20:29:49]: Stoned hat sich zu PlayasEmre teleportiert!
[01-05-2023 20:30:52]: Stoned hat Clown gebannt! (Grund: 10)
[01-05-2023 20:31:27]: Stoned hat Clown zu sich teleportiert.
[01-05-2023 20:33:42]: PlayasEmre hat sich zum Slot 1 von PlayasEmre geportet.
[01-05-2023 20:34:24]: Clown hat sich zu Stoned teleportiert!
[01-05-2023 20:35:21]: PlayasEmre hat sich zum Slot 1 von PlayasEmre geportet.
[01-05-2023 20:35:37]: Stoned hat den Adminrang von Clown auf 10 gesetzt.
[01-05-2023 20:35:40]: Clown hat sich zu Stoned teleportiert!
[01-05-2023 20:35:43]: Clown hat sich zu Stoned teleportiert!
[01-05-2023 20:36:58]: PlayasEmre hat sich zum Slot 1 von PlayasEmre geportet.
[01-05-2023 20:38:18]: PlayasEmre hat sich zum Slot 1 von PlayasEmre geportet.
[01-05-2023 20:39:01]: PlayasEmre hat sich zum Slot 1 von PlayasEmre geportet.
[01-05-2023 20:41:27]: PlayasEmre hat sich zum Slot 1 von PlayasEmre geportet.
[01-05-2023 20:43:50]: PlayasEmre hat sich zum Slot 1 von PlayasEmre geportet.
[01-05-2023 20:44:43]: PlayasEmre hat sich zum Slot 1 von PlayasEmre geportet.
[01-05-2023 20:45:32]: PlayasEmre hat sich zum Slot 1 von PlayasEmre geportet.
[01-05-2023 20:45:52]: PlayasEmre hat sich zum Slot 1 von PlayasEmre geportet.
[01-05-2023 20:46:43]: PlayasEmre hat sich zum Slot 1 von PlayasEmre geportet.
[01-05-2023 20:47:24]: PlayasEmre hat sich zum Slot 1 von PlayasEmre geportet.
[01-05-2023 20:49:19]: PlayasEmre hat sich zum Slot 1 von PlayasEmre geportet.
[01-05-2023 20:51:59]: PlayasEmre hat sich zum Slot 1 von PlayasEmre geportet.
[01-05-2023 20:53:42]: PlayasEmre hat sich zum Slot 1 von PlayasEmre geportet.
[01-05-2023 20:58:26]: PlayasEmre hat sich zum Slot 1 von PlayasEmre geportet.
[01-05-2023 20:59:47]: PlayasEmre hat sich zum Slot 1 von PlayasEmre geportet.
[01-05-2023 21:11:01]: PlayasEmre hat sich zum Slot 1 von PlayasEmre geportet.
[01-05-2023 21:13:10]: PlayasEmre hat sich zum Slot 1 von PlayasEmre geportet.
[01-05-2023 21:13:45]: PlayasEmre hat sich zum Slot 1 von PlayasEmre geportet.
[01-05-2023 21:14:44]: PlayasEmre hat sich zum Slot 1 von PlayasEmre geportet.
[01-05-2023 21:15:22]: PlayasEmre hat sich zum Slot 1 von PlayasEmre geportet.
[01-05-2023 21:16:12]: PlayasEmre hat sich zum Slot 1 von PlayasEmre geportet.
[01-05-2023 21:17:07]: PlayasEmre hat sich zum Slot 1 von PlayasEmre geportet.
[01-05-2023 21:17:51]: PlayasEmre hat sich zum Slot 1 von PlayasEmre geportet.
[01-05-2023 21:18:33]: PlayasEmre hat sich zum Slot 1 von PlayasEmre geportet.
[01-05-2023 21:19:51]: PlayasEmre hat sich zum Slot 1 von PlayasEmre geportet.
[01-05-2023 21:20:43]: PlayasEmre hat sich zum Slot 1 von PlayasEmre geportet.
[01-05-2023 21:22:06]: PlayasEmre hat sich zum Slot 1 von PlayasEmre geportet.
[01-05-2023 21:23:46]: PlayasEmre hat sich zum Slot 1 von PlayasEmre geportet.
[01-05-2023 21:25:08]: PlayasEmre hat sich zum Slot 1 von PlayasEmre geportet.
[01-05-2023 21:26:51]: PlayasEmre hat sich zum Slot 1 von PlayasEmre geportet.
[01-05-2023 21:29:19]: PlayasEmre hat sich zum Slot 1 von PlayasEmre geportet.
[01-05-2023 21:30:39]: PlayasEmre hat sich zum Slot 1 von PlayasEmre geportet.
[01-05-2023 21:31:31]: PlayasEmre hat sich zum Slot 1 von PlayasEmre geportet.
[01-05-2023 21:32:20]: PlayasEmre hat sich zum Slot 1 von PlayasEmre geportet.
[01-05-2023 21:32:54]: PlayasEmre hat sich zum Slot 1 von PlayasEmre geportet.
[01-05-2023 21:33:19]: PlayasEmre hat sich zum Slot 1 von PlayasEmre geportet.
[01-05-2023 21:33:55]: PlayasEmre hat sich zum Slot 1 von PlayasEmre geportet.
[01-05-2023 21:35:27]: PlayasEmre hat sich zum Slot 1 von PlayasEmre geportet.
[01-05-2023 21:53:50]: PlayasEmre hat sich zum Slot 1 von PlayasEmre geportet.
[01-05-2023 21:55:35]: PlayasEmre hat sich zum Slot 1 von PlayasEmre geportet.
[01-05-2023 22:04:04]: PlayasEmre hat sich zum Slot 1 von PlayasEmre geportet.
[01-05-2023 22:04:39]: PlayasEmre hat sich zum Slot 1 von PlayasEmre geportet.
[01-05-2023 22:04:57]: PlayasEmre hat sich zum Slot 1 von PlayasEmre geportet.
[01-05-2023 22:05:53]: PlayasEmre hat sich zum Slot 1 von PlayasEmre geportet.
[01-05-2023 22:06:18]: PlayasEmre hat sich zum Slot 1 von PlayasEmre geportet.
[01-05-2023 22:06:47]: PlayasEmre hat sich zum Slot 1 von PlayasEmre geportet.
[01-05-2023 22:07:45]: PlayasEmre hat sich zum Slot 1 von PlayasEmre geportet.
[01-05-2023 22:10:20]: PlayasEmre hat sich zum Slot 1 von PlayasEmre geportet.
[01-05-2023 22:10:48]: PlayasEmre hat sich zum Slot 1 von PlayasEmre geportet.
[01-05-2023 22:11:04]: PlayasEmre hat sich zum Slot 1 von PlayasEmre geportet.
[01-05-2023 22:21:01]: PlayasEmre hat sich zum Slot 1 von PlayasEmre geportet.
[01-05-2023 22:21:56]: PlayasEmre hat sich zum Slot 1 von PlayasEmre geportet.
[01-05-2023 22:22:43]: PlayasEmre hat sich zum Slot 1 von PlayasEmre geportet.
[01-05-2023 22:23:03]: PlayasEmre hat sich zum Slot 1 von PlayasEmre geportet.
[01-05-2023 22:24:17]: PlayasEmre hat sich zum Slot 1 von PlayasEmre geportet.
[01-05-2023 22:25:06]: PlayasEmre hat sich zum Slot 1 von PlayasEmre geportet.
[01-05-2023 22:25:51]: PlayasEmre hat sich zum Slot 1 von PlayasEmre geportet.
[01-05-2023 22:26:11]: PlayasEmre hat sich zum Slot 1 von PlayasEmre geportet.
[01-05-2023 22:27:18]: PlayasEmre hat sich zum Slot 1 von PlayasEmre geportet.
[01-05-2023 22:34:20]: PlayasEmre hat sich zum Slot 1 von PlayasEmre geportet.
[01-05-2023 23:18:32]: PlayasEmre hat sich zum Slot 1 von PlayasEmre geportet.
[01-05-2023 23:20:21]: PlayasEmre hat sich zum Slot 1 von PlayasEmre geportet.
[01-05-2023 23:20:59]: PlayasEmre hat sich zum Slot 1 von PlayasEmre geportet.
[01-05-2023 23:25:34]: PlayasEmre hat sich zum Slot 1 von PlayasEmre geportet.
[01-05-2023 23:29:42]: PlayasEmre hat sich zu L.Messi teleportiert!
[01-05-2023 23:45:25]: PlayasEmre hat sich zum Slot 1 von PlayasEmre geportet.
[01-05-2023 23:46:41]: PlayasEmre hat sich zum Slot 1 von PlayasEmre geportet.
[01-05-2023 23:47:15]: PlayasEmre hat sich zum Slot 1 von PlayasEmre geportet.
[01-05-2023 23:47:53]: PlayasEmre hat sich zum Slot 1 von PlayasEmre geportet.
[01-05-2023 23:50:58]: PlayasEmre hat sich zum Slot 1 von PlayasEmre geportet.
[01-05-2023 23:51:46]: PlayasEmre hat sich zum Slot 1 von PlayasEmre geportet.
[01-05-2023 23:53:46]: PlayasEmre hat sich zum Slot 1 von PlayasEmre geportet.
[01-05-2023 23:54:34]: PlayasEmre hat sich zum Slot 1 von PlayasEmre geportet.
[02-05-2023 00:01:16]: PlayasEmre hat sich zum Slot 1 von PlayasEmre geportet.
[02-05-2023 00:02:20]: PlayasEmre hat sich zum Slot 1 von PlayasEmre geportet.
[02-05-2023 00:04:02]: PlayasEmre hat sich zum Slot 1 von PlayasEmre geportet.
[02-05-2023 00:07:03]: PlayasEmre hat sich zum Slot 1 von PlayasEmre geportet.
[02-05-2023 19:44:19]: Stoned hat Stoned in PlayasEmro umbenannt.
[02-05-2023 19:51:11]: Stoned hat Stoned zum Chefarzt der Sanitäter ernannt!
[02-05-2023 19:51:12]: Stoned hat Stoned zum Leader der Fahrschule ernannt!
[02-05-2023 19:51:14]: Stoned hat Stoned zum President der AoD ernannt!
[02-05-2023 19:51:17]: Stoned hat Stoned zum Chefredakteur ernannt!
[02-05-2023 19:51:18]: Stoned hat Stoned zum Revolutionsführer ernannt!
[05-05-2023 20:08:46]: PlayasEmro hat PlayasEmro zum Commander ernannt!
[05-05-2023 21:40:40]: PlayasEmre hat sich zum Slot 1 von PlayasEmre geportet.
[06-05-2023 00:42:01]: PlayasEmre hat den Adminrang von Pusher30 auf 11 gesetzt.
[06-05-2023 00:50:36]: PlayasEmre hat PlayasEmre zu sich teleportiert.
[06-05-2023 00:51:16]: PlayasEmre hat Pusher30 zu sich teleportiert.
[06-05-2023 00:59:11]: PlayasEmre hat Pusher30 zu sich teleportiert.
[06-05-2023 01:16:38]: PlayasEmre hat PlayasEmre zum Leader der Fahrschule ernannt!
[06-05-2023 01:32:08]: PlayasEmre hat Pusher30 zu sich teleportiert.
[06-05-2023 01:32:29]: PlayasEmre hat Pusher30 zu sich teleportiert.
[06-05-2023 01:33:16]: PlayasEmre hat PlayasEmre zum Leader der Fahrschule ernannt!
[06-05-2023 01:37:23]: PlayasEmre hat PlayasEmre zum Leader der Fahrschule ernannt!
[06-05-2023 01:41:49]: PlayasEmre hat PlayasEmre zum Leader der Fahrschule ernannt!
[06-05-2023 01:48:41]: PlayasEmre hat PlayasEmre zum Leader der Fahrschule ernannt!
[06-05-2023 01:51:50]: PlayasEmre hat PlayasEmre zum Leader der Fahrschule ernannt!
[06-05-2023 01:54:59]: PlayasEmre hat sich zu Pusher30 teleportiert!
[06-05-2023 12:15:10]: PlayasEmro hat ein Auto upgegradet!
[06-05-2023 23:22:14]: PlayasEmre hat Pusher30 zu sich teleportiert.
[06-05-2023 23:54:26]: PlayasEmre hat PlayasEmre zum Zivilisten gemacht.
[06-05-2023 23:57:31]: PlayasEmre hat PlayasEmre zum Zivilisten gemacht.
[07-05-2023 00:39:58]: PlayasEmre hat PlayasEmre zum Zivilisten gemacht.
[10-05-2023 22:09:53]: PlayasEmre hat PlayasEmre zum Leader der Fahrschule ernannt!
[11-05-2023 17:08:46]: PlayasEmre hat PlayasEmre zum Polizeichief ernannt!
[11-05-2023 17:10:13]: PlayasEmre hat PlayasEmre zum Polizeichief ernannt!
[11-05-2023 17:11:25]: PlayasEmre hat PlayasEmre zum Polizeichief ernannt!
[11-05-2023 17:13:31]: PlayasEmre hat PlayasEmre zum Leader der Fahrschule ernannt!
[13-05-2023 01:26:17]: PlayasEmre hat PlayasEmre zum Leader der Fahrschule ernannt!
[16-05-2023 02:09:19]: PlayasEmre hat PlayasEmre zum Leader der Fahrschule ernannt!
[16-05-2023 02:12:52]: PlayasEmre hat PlayasEmre zum Zivilisten gemacht.
[18-09-2023 20:37:38]: PlayasEmre hat sich zum Slot 1 von PlayasEmre geportet.
[18-09-2023 20:38:29]: PlayasEmre hat PlayasEmre zum Polizeichief ernannt!
[18-09-2023 20:38:32]: PlayasEmre hat PlayasEmre zum Don ernannt!
[18-09-2023 20:38:36]: PlayasEmre hat PlayasEmre zum Triadenboss ernannt!
[18-09-2023 20:38:38]: PlayasEmre hat PlayasEmre zum Revolutionsführer ernannt!
[18-09-2023 20:42:06]: PlayasEmre hat PlayasEmre zum Chefredakteur ernannt!
[18-09-2023 20:42:11]: PlayasEmre hat PlayasEmre zum FBI-Direktor ernannt!
[18-09-2023 20:42:14]: PlayasEmre hat PlayasEmre zum Jefa ernannt!
[18-09-2023 20:42:20]: PlayasEmre hat PlayasEmre zum Commander ernannt!
[18-09-2023 20:42:23]: PlayasEmre hat PlayasEmre zum President der AoD ernannt!
[18-09-2023 20:42:27]: PlayasEmre hat PlayasEmre zum Chefarzt der Sanitäter ernannt!
[18-09-2023 20:42:29]: PlayasEmre hat PlayasEmre zum Chef der Mechaniker ernannt!
[18-09-2023 20:42:32]: PlayasEmre hat PlayasEmre zum Banger der Ballas ernannt!
[18-09-2023 20:42:34]: PlayasEmre hat PlayasEmre zum Sweet der Grove ernannt!
[18-09-2023 20:42:37]: PlayasEmre hat PlayasEmre zum President der Anonymus ernannt!
[18-09-2023 20:43:44]: PlayasEmre hat PlayasEmre zum Leader der Fahrschule ernannt!
[18-09-2023 20:48:03]: PlayasEmre hat PlayasEmre zum Revolutionsführer ernannt!
[23-12-2023 16:15:08]: PlayasEmre hat PlayasEmre zum Zivilisten gemacht.
[26-12-2023 01:09:47]: PlayasEmre hat PlayasEmre zum Triadenboss ernannt!
[26-12-2023 01:10:03]: PlayasEmre hat PlayasEmre zum Sweet der Grove ernannt!
[26-12-2023 03:12:09]: PlayasEmre hat PlayasEmre zum Zivilisten gemacht.
[26-12-2023 03:12:50]: PlayasEmre hat PlayasEmre zum Zivilisten gemacht.
[26-12-2023 03:13:06]: PlayasEmre hat PlayasEmre zum Polizeichief ernannt!
[26-12-2023 03:13:13]: PlayasEmre hat PlayasEmre zum Don ernannt!
[26-12-2023 03:13:22]: PlayasEmre hat PlayasEmre zum Zivilisten gemacht.
[31-12-2023 02:53:16]: PlayasEmre hat den Adminrang von FxShorty auf 10 gesetzt.
[31-12-2023 02:53:33]: PlayasEmre hat FxShorty zu sich teleportiert.
[01-01-2024 03:57:22]: PlayasEmre hat sich zu Nobady teleportiert!
[01-01-2024 22:13:04]: PlayasEmre hat den Adminrang von FxShorty auf 10 gesetzt.
[01-01-2024 22:15:48]: PlayasEmre hat FxShorty zu sich teleportiert.
[12-01-2024 02:10:06]: PlayasEmre hat PatroRed zu sich teleportiert.
[14-10-2025 18:16:23]: Emre hat Emre zum Chef der Mechaniker ernannt!
[14-10-2025 18:16:27]: Emre hat Emre zum Banger der Ballas ernannt!
[14-10-2025 18:16:29]: Emre hat Emre zum Sweet der Grove ernannt!
[14-10-2025 18:16:30]: Emre hat Emre zum President der Anonymus ernannt!
[14-10-2025 18:16:37]: Emre hat Emre zum Leader der Fahrschule ernannt!
[14-10-2025 22:34:47]: Emre hat Emre zu sich teleportiert.
[14-10-2025 22:34:60]: Emre hat den Slot 1 von Emre zu sich geportet.
[20-10-2025 21:00:57]: Emre hat EmreTest zu sich teleportiert.
[20-10-2025 21:01:57]: Emre hat Emre zum Leader der Fahrschule ernannt!
[20-10-2025 21:10:44]: Emre hat den Adminrang von EmreTest auf 1 gesetzt.
[20-10-2025 21:10:51]: Emre hat den Adminrang von EmreTest auf 2 gesetzt.
[20-10-2025 21:11:58]: Emre hat Emre zum Leader der Fahrschule ernannt!
[20-10-2025 21:14:36]: Emre hat Emre zum Leader der Fahrschule ernannt!
[20-10-2025 21:17:59]: Emre hat Emre zum Leader der Fahrschule ernannt!
[20-10-2025 21:21:12]: Emre hat Emre zum Leader der Fahrschule ernannt!
[20-10-2025 21:22:28]: Emre hat Emre zum Leader der Fahrschule ernannt!
[20-10-2025 21:26:16]: Emre hat Emre zum Leader der Fahrschule ernannt!
[20-10-2025 21:29:09]: Emre hat Emre zum Leader der Fahrschule ernannt!
[20-10-2025 21:32:45]: Emre hat Emre zum Leader der Fahrschule ernannt!
[20-10-2025 21:35:60]: Emre hat Emre zum Leader der Fahrschule ernannt!
[20-10-2025 21:38:51]: Emre hat Emre zum Leader der Fahrschule ernannt!
[20-10-2025 21:44:54]: Emre hat Emre zum Leader der Fahrschule ernannt!
[20-10-2025 21:57:53]: Emre hat Emre zum Leader der Fahrschule ernannt!
[20-10-2025 22:02:16]: Emre hat Emre zum Leader der Fahrschule ernannt!
[20-10-2025 22:05:02]: Emre hat Emre zum Leader der Fahrschule ernannt!
[20-10-2025 22:12:10]: Emre hat Emre zum Leader der Fahrschule ernannt!
[20-10-2025 22:16:09]: Emre hat Emre zum Leader der Fahrschule ernannt!
[20-10-2025 22:16:60]: Emre hat Emre zum Leader der Fahrschule ernannt!
[20-10-2025 22:17:06]: Emre hat Emre zum Leader der Fahrschule ernannt!
[20-10-2025 22:17:50]: Emre hat Emre zum Leader der Fahrschule ernannt!
[20-10-2025 22:23:18]: Emre hat Emre zum Leader der Fahrschule ernannt!
[20-10-2025 22:25:42]: Emre hat Emre zum Leader der Fahrschule ernannt!
[20-10-2025 22:27:42]: Emre hat Emre zum Leader der Fahrschule ernannt!
[20-10-2025 22:32:05]: Emre hat Emre zum Leader der Fahrschule ernannt!
[20-10-2025 22:32:07]: Emre hat Emre zum Leader der Fahrschule ernannt!
[20-10-2025 22:37:10]: Emre hat Emre zum Leader der Fahrschule ernannt!
[20-10-2025 22:39:10]: Emre hat Emre zum Leader der Fahrschule ernannt!
[20-10-2025 22:51:59]: Emre hat Emre zum Leader der Fahrschule ernannt!
[20-10-2025 22:55:35]: Emre hat Emre zum Leader der Fahrschule ernannt!
[20-10-2025 22:56:43]: Emre hat Emre zum Leader der Fahrschule ernannt!
[20-10-2025 22:59:19]: Emre hat Emre zum Leader der Fahrschule ernannt!
[20-10-2025 23:01:18]: Emre hat Emre zum Leader der Fahrschule ernannt!
[20-10-2025 23:04:46]: Emre hat Emre zum Leader der Fahrschule ernannt!
[20-10-2025 23:06:54]: Emre hat Emre zum Leader der Fahrschule ernannt!
[20-10-2025 23:08:34]: Emre hat Emre zum Leader der Fahrschule ernannt!
[20-10-2025 23:11:01]: Emre hat Emre zum Leader der Fahrschule ernannt!
[20-10-2025 23:16:24]: Emre hat Emre zum Leader der Fahrschule ernannt!
[20-10-2025 23:21:04]: Emre hat Emre zum Leader der Fahrschule ernannt!
[20-10-2025 23:37:33]: Emre hat Emre zum Leader der Fahrschule ernannt!
[20-10-2025 23:39:42]: Emre hat Emre zum Leader der Fahrschule ernannt!
[20-10-2025 23:44:47]: Emre hat Emre zum Leader der Fahrschule ernannt!
[20-10-2025 23:48:32]: Emre hat Emre zum Leader der Fahrschule ernannt!
[20-10-2025 23:52:35]: Emre hat Emre zum Leader der Fahrschule ernannt!
[20-10-2025 23:55:49]: Emre hat Emre zum Leader der Fahrschule ernannt!
[21-10-2025 00:10:49]: Emre hat Emre zum Leader der Fahrschule ernannt!
[21-10-2025 00:14:49]: Emre hat Emre zum Leader der Fahrschule ernannt!
[21-10-2025 00:17:36]: Emre hat Emre zum Leader der Fahrschule ernannt!
[21-10-2025 00:19:52]: Emre hat Emre zum Leader der Fahrschule ernannt!
[21-10-2025 00:21:27]: Emre hat Emre zum Leader der Fahrschule ernannt!
[21-10-2025 00:24:17]: Emre hat Emre zum Leader der Fahrschule ernannt!
[21-10-2025 00:31:52]: Emre hat Emre zum Leader der Fahrschule ernannt!
[21-10-2025 00:33:38]: Emre hat Emre zum Leader der Fahrschule ernannt!
[21-10-2025 00:36:13]: Emre hat Emre zum Leader der Fahrschule ernannt!
[21-10-2025 00:39:38]: Emre hat Emre zum Leader der Fahrschule ernannt!
[21-10-2025 00:52:44]: Emre hat Emre zum Leader der Fahrschule ernannt!
[21-10-2025 00:54:02]: Emre hat Emre zum Leader der Fahrschule ernannt!
[21-10-2025 00:57:10]: Emre hat Emre zum Leader der Fahrschule ernannt!
[21-10-2025 01:01:22]: Emre hat Emre zum Leader der Fahrschule ernannt!
[21-10-2025 01:02:10]: Emre hat Emre zum Leader der Fahrschule ernannt!
[21-10-2025 01:03:45]: Emre hat Emre zum Leader der Fahrschule ernannt!
[21-10-2025 01:05:55]: Emre hat Emre zum Leader der Fahrschule ernannt!
[21-10-2025 01:09:40]: Emre hat Emre zum Leader der Fahrschule ernannt!
[21-10-2025 01:11:11]: Emre hat Emre zum Leader der Fahrschule ernannt!
[21-10-2025 01:12:35]: Emre hat Emre zum Leader der Fahrschule ernannt!
[21-10-2025 01:14:24]: Emre hat Emre zum Leader der Fahrschule ernannt!
[21-10-2025 01:16:04]: Emre hat Emre zum Leader der Fahrschule ernannt!
[21-10-2025 01:18:48]: Emre hat Emre zum Leader der Fahrschule ernannt!
[21-10-2025 01:22:37]: Emre hat Emre zum Leader der Fahrschule ernannt!
[21-10-2025 01:23:39]: Emre hat Emre zum Leader der Fahrschule ernannt!
[21-10-2025 01:25:15]: Emre hat Emre zum Leader der Fahrschule ernannt!
[21-10-2025 01:28:13]: Emre hat Emre zum Leader der Fahrschule ernannt!
[21-10-2025 01:30:43]: Emre hat Emre zum Leader der Fahrschule ernannt!
[21-10-2025 01:32:49]: Emre hat Emre zum Leader der Fahrschule ernannt!
[21-10-2025 01:35:10]: Emre hat Emre zum Leader der Fahrschule ernannt!
[21-10-2025 01:38:24]: Emre hat Emre zum Leader der Fahrschule ernannt!
[21-10-2025 01:40:08]: Emre hat Emre zum Leader der Fahrschule ernannt!
[21-10-2025 01:46:02]: Emre hat Emre zum Leader der Fahrschule ernannt!
[21-10-2025 01:47:22]: Emre hat Emre zum Leader der Fahrschule ernannt!
[21-10-2025 01:49:59]: Emre hat Emre zum Leader der Fahrschule ernannt!
[21-10-2025 01:51:05]: Emre hat Emre zum Leader der Fahrschule ernannt!
[21-10-2025 01:53:02]: Emre hat Emre zum Leader der Fahrschule ernannt!
[21-10-2025 02:09:52]: Emre hat Emre zum Leader der Fahrschule ernannt!
[21-10-2025 02:10:32]: Emre hat Emre zum Leader der Fahrschule ernannt!
[21-10-2025 02:13:49]: Emre hat Emre zum Leader der Fahrschule ernannt!
[21-10-2025 02:14:38]: Emre hat Emre zum Leader der Fahrschule ernannt!
[21-10-2025 02:15:29]: Emre hat Emre zum Leader der Fahrschule ernannt!
[21-10-2025 02:19:21]: Emre hat Emre zum Leader der Fahrschule ernannt!
[21-10-2025 02:24:52]: Emre hat Emre zum Leader der Fahrschule ernannt!
[21-10-2025 02:26:28]: Emre hat Emre zum Leader der Fahrschule ernannt!
[21-10-2025 02:26:59]: Emre hat Emre zum Leader der Fahrschule ernannt!
[21-10-2025 02:28:38]: Emre hat Emre zum Leader der Fahrschule ernannt!
[21-10-2025 02:29:28]: Emre hat Emre zum Leader der Fahrschule ernannt!
[21-10-2025 02:30:24]: Emre hat Emre zum Leader der Fahrschule ernannt!
[21-10-2025 02:31:29]: Emre hat Emre zum Leader der Fahrschule ernannt!
[21-10-2025 02:35:06]: Emre hat Emre zum Leader der Fahrschule ernannt!
[21-10-2025 02:43:29]: Emre hat Emre zum Leader der Fahrschule ernannt!
[21-10-2025 02:50:14]: Emre hat Emre zum Leader der Fahrschule ernannt!
[21-10-2025 02:54:19]: Emre hat Emre zum Leader der Fahrschule ernannt!
[21-10-2025 02:55:56]: Emre hat EmreTest zu sich teleportiert.
[21-10-2025 23:18:50]: Emre hat Emre zum Leader der Fahrschule ernannt!
[21-10-2025 23:18:52]: Emre hat Emre zum Polizeichief ernannt!
[21-10-2025 23:18:54]: Emre hat Emre zum Don ernannt!
[21-10-2025 23:18:57]: Emre hat Emre zum Triadenboss ernannt!
[21-10-2025 23:18:59]: Emre hat Emre zum Revolutionsführer ernannt!
[21-10-2025 23:19:01]: Emre hat Emre zum Chefredakteur ernannt!
[21-10-2025 23:19:03]: Emre hat Emre zum FBI-Direktor ernannt!
[21-10-2025 23:19:05]: Emre hat Emre zum Jefa ernannt!
[21-10-2025 23:19:07]: Emre hat Emre zum Commander ernannt!
[21-10-2025 23:19:09]: Emre hat Emre zum President der AoD ernannt!
[21-10-2025 23:19:12]: Emre hat Emre zum Chefarzt der Sanitäter ernannt!
[21-10-2025 23:19:13]: Emre hat Emre zum Chef der Mechaniker ernannt!
[21-10-2025 23:19:15]: Emre hat Emre zum Banger der Ballas ernannt!
[21-10-2025 23:19:17]: Emre hat Emre zum Sweet der Grove ernannt!
[21-10-2025 23:19:18]: Emre hat Emre zum President der Anonymus ernannt!
[21-10-2025 23:19:20]: Emre hat Emre zum Leader der Fahrschule ernannt!
[21-10-2025 23:50:33]: Emre hat Emre zum Leader der Fahrschule ernannt!
[22-10-2025 00:09:17]: Emre hat Emre zu sich teleportiert.
[22-10-2025 00:09:17]: Emre hat sich zu Emre teleportiert!
[22-10-2025 00:09:18]: Emre hat sich zu Emre teleportiert!
[22-10-2025 00:09:30]: Emre hat Emre gespectet!
[22-10-2025 00:09:31]: Emre hat Emre gespectet!
[22-10-2025 00:09:32]: Emre hat Emre geskydived!
[22-10-2025 15:48:08]: Emre hat EmreTest gekickt! Grund: 
[22-10-2025 18:18:52]: Emre hat Emre zum Leader der Fahrschule ernannt!
[22-10-2025 19:25:51]: Emre hat Emre zum Polizeichief ernannt!
[22-10-2025 19:38:07]: Emre hat Emre zum Polizeichief ernannt!
[22-10-2025 19:43:23]: Emre hat Emre zum Polizeichief ernannt!
[22-10-2025 19:45:06]: Emre hat Emre zum Polizeichief ernannt!
[22-10-2025 19:47:49]: Emre hat EmreTest zu sich teleportiert.
[22-10-2025 19:49:35]: Emre hat EmreTest zu sich teleportiert.
[22-10-2025 20:08:45]: Emre hat EmreTest zu sich teleportiert.
[22-10-2025 20:13:24]: Emre hat EmreTest zu sich teleportiert.
[22-10-2025 20:19:34]: Emre hat EmreTest zu sich teleportiert.
[22-10-2025 20:22:01]: Emre hat Emre zu sich teleportiert.
[22-10-2025 20:22:05]: Emre hat EmreTest zu sich teleportiert.
[22-10-2025 20:26:31]: Emre hat EmreTest zu sich teleportiert.
[22-10-2025 20:28:55]: Emre hat EmreTest zu sich teleportiert.
[22-10-2025 20:46:51]: Emre hat EmreTest zu sich teleportiert.
[22-10-2025 20:55:39]: Emre hat EmreTest zu sich teleportiert.
[22-10-2025 20:56:01]: Emre hat EmreTest zu sich teleportiert.
[22-10-2025 21:03:20]: Emre hat EmreTest zu sich teleportiert.
[22-10-2025 21:05:53]: Emre hat EmreTest zu sich teleportiert.
[22-10-2025 21:18:33]: Emre hat EmreTest zu sich teleportiert.
[22-10-2025 21:23:06]: Emre hat EmreTest zu sich teleportiert.
[22-10-2025 21:27:46]: Emre hat EmreTest zu sich teleportiert.
[22-10-2025 21:30:02]: Emre hat EmreTest zu sich teleportiert.
[22-10-2025 21:38:13]: Emre hat EmreTest zu sich teleportiert.
[22-10-2025 21:51:09]: Emre hat Emre zum Leader der Fahrschule ernannt!
[22-10-2025 21:51:19]: Emre hat Emre zum Leader der Fahrschule ernannt!
[06-11-2025 19:33:13]: Emre hat SpookyUHD zu sich teleportiert.
[06-11-2025 19:45:15]: Emre hat SpookyUHD zu sich teleportiert.
[06-11-2025 19:49:24]: Emre hat SpookyUHD zu sich teleportiert.
[06-11-2025 19:49:48]: Emre hat den Adminrang von SpookyUHD auf 10 gesetzt.
[06-11-2025 19:55:04]: SpookyUHD hat Emre geskydived!
[06-11-2025 19:55:12]: Emre hat sich zu SpookyUHD teleportiert!
[06-11-2025 19:56:37]: Emre hat SpookyUHD zu sich teleportiert.
[06-11-2025 20:01:05]: Emre hat SpookyUHD zu sich teleportiert.
[06-11-2025 20:04:47]: Emre hat SpookyUHD zu sich teleportiert.
[06-11-2025 20:17:27]: Emre hat SpookyUHD zu sich teleportiert.
[06-11-2025 20:22:24]: Emre hat SpookyUHD zu sich teleportiert.
[06-11-2025 20:26:01]: Emre hat SpookyUHD zu sich teleportiert.
[06-11-2025 20:39:06]: Emre hat SpookyUHD zu sich teleportiert.
[06-11-2025 20:39:46]: Emre hat SpookyUHD zu sich teleportiert.
[06-11-2025 20:43:36]: Emre hat SpookyUHD zu sich teleportiert.
[06-11-2025 20:47:22]: Emre hat SpookyUHD zu sich teleportiert.
[06-11-2025 21:49:02]: Emre hat SpookyUHD zu sich teleportiert.
[06-11-2025 21:56:10]: Emre hat SpookyUHD zu sich teleportiert.
[07-11-2025 00:18:17]: Emre hat SpookyUHD zu sich teleportiert.
[07-11-2025 00:21:34]: Emre hat SpookyUHD zu sich teleportiert.
[07-11-2025 00:27:01]: Emre hat SpookyUHD zu sich teleportiert.
[07-11-2025 00:30:18]: Emre hat SpookyUHD zu sich teleportiert.
[07-11-2025 00:33:23]: Emre hat SpookyUHD zu sich teleportiert.
[07-11-2025 00:41:37]: Emre hat SpookyUHD zu sich teleportiert.
[07-11-2025 00:43:14]: Emre hat SpookyUHD zu sich teleportiert.
[07-11-2025 00:47:07]: Emre hat SpookyUHD zu sich teleportiert.
[07-11-2025 00:48:24]: Emre hat SpookyUHD zu sich teleportiert.
[07-11-2025 00:49:48]: Emre hat SpookyUHD zu sich teleportiert.
[07-11-2025 00:58:34]: Emre hat SpookyUHD zu sich teleportiert.
[07-11-2025 00:58:59]: Emre hat SpookyUHD zu sich teleportiert.
[07-11-2025 01:14:17]: Emre hat SpookyUHD zu sich teleportiert.
[07-11-2025 01:20:09]: Emre hat SpookyUHD zu sich teleportiert.
[08-11-2025 16:31:08]: Emre hat SpookyUHD zu sich teleportiert.
[08-11-2025 16:33:26]: Emre hat SpookyUHD zu sich teleportiert.
[08-11-2025 16:34:02]: Emre hat SpookyUHD zu sich teleportiert.
[08-11-2025 16:37:26]: Emre hat SpookyUHD zu sich teleportiert.
[08-11-2025 16:38:08]: Emre hat sich zu SpookyUHD teleportiert!
[08-11-2025 16:40:34]: Emre hat sich zu SpookyUHD teleportiert!
[08-11-2025 16:40:54]: Emre hat sich zu SpookyUHD teleportiert!
[08-11-2025 19:52:22]: Emre hat sich zu SpookyUHD teleportiert!
[08-11-2025 19:58:41]: Emre hat sich zu SpookyUHD teleportiert!
