[24-06-2022 18:40:38]: PlayasEmre hat ein Auto gekauft ( Tampa )
[29-06-2022 03:50:16]: PlayasEmre hat ein Auto gekauft ( Tampa )
[29-06-2022 03:53:13]: PlayasEmre hat ein Auto gekauft ( Tampa )
[29-06-2022 03:58:30]: PlayasEmre hat ein Auto gekauft ( Tampa )
[29-06-2022 04:01:55]: PlayasEmre hat ein Auto gekauft ( Tampa )
[29-06-2022 15:34:52]: PlayasEmre hat ein Auto gekauft ( Tampa )
[30-06-2022 01:07:17]: PlayasEmre hat ein Auto gekauft ( Premier )
[30-06-2022 01:15:40]: PlayasEmre hat ein Auto gekauft ( Infernus )
[30-06-2022 01:17:14]: PlayasEmre hat ein Auto gekauft ( NRG-500 )
[04-07-2022 02:22:10]: PlayasEmre hat ein Auto gekauft ( Premier )
[19-07-2022 00:50:38]: PlayasEmre hat ein Auto gekauft ( Tampa )
[19-07-2022 15:14:18]: PlayasEmre hat ein Auto gekauft ( Tampa )
[19-07-2022 15:39:49]: PlayasEmre hat ein Auto gekauft ( Tampa )
[02-08-2022 17:48:08]: PlayasEmre hat ein Auto gekauft ( Tampa )
[02-08-2022 18:32:52]: PlayasEmre hat ein Auto gekauft ( Tampa )
[16-08-2022 20:10:30]: PlayasEmre hat ein Auto gekauft ( Tampa )
[16-12-2022 20:07:45]: PlayasEmre hat ein Auto gekauft ( Tampa )
[21-12-2022 19:30:26]: PlayasEmre hat ein Auto gekauft ( Tampa )
[23-04-2023 00:41:21]: PlayasEmre hat ein Auto gekauft ( Tampa )
[28-04-2023 00:03:35]: PlayasEmre hat ein Auto gekauft ( Tampa )
[30-04-2023 00:28:27]: PlayasEmre hat ein Auto gekauft ( Tampa )
[30-04-2023 00:31:59]: PlayasEmre hat ein Auto gekauft ( Tampa )
[30-04-2023 12:43:26]: Stoned hat ein Auto gekauft ( Infernus )
[01-05-2023 23:54:31]: L.Messi hat ein Auto gekauft ( Tampa )
[01-05-2023 23:59:23]: PlayasEmre hat ein Auto gekauft ( Tampa )
[01-05-2023 23:59:26]: L.Messi hat ein Auto gekauft ( Tampa )
[02-05-2023 00:02:06]: PlayasEmre hat ein Auto gekauft ( Tampa )
[02-05-2023 00:33:24]: L.Messi hat ein Auto gekauft ( Premier )
[06-05-2023 00:40:45]: PlayasEmre hat ein Auto gekauft ( Tampa )
[18-09-2023 20:35:50]: PlayasEmre hat ein Auto gekauft ( Tampa )
[01-01-2024 16:37:09]: PlayasEmre hat ein Auto gekauft ( Tampa )
[01-01-2024 18:23:38]: PlayasEmre hat ein Auto gekauft ( Tampa )
[13-10-2025 23:59:48]: Emre hat ein Auto gekauft ( Tampa )
